Unity Editor version:    2020.3.27f1 (e759542391ea)
Branch:                  2020.3/release
Build type:              Release
Batch mode:              YES
macOS version:           Version 12.1 (Build 21C52)
Darwin version:          21.2.0
Architecture:            x86_64
Running under Rosetta:   YES
Available memory:        16384 MB
Using pre-set license
Pro License: NO

COMMAND LINE ARGUMENTS:
/Applications/Unity/Hub/Editor/2020.3.27f1/Unity.app/Contents/MacOS/Unity
-adb2
-batchMode
-noUpm
-name
AssetImportWorker0
-projectPath
/Users/xipeng/Unity_Project/Game3Depth
-logFile
Logs/AssetImportWorker0.log
-srvPort
49189
Successfully changed project path to: /Users/xipeng/Unity_Project/Game3Depth
/Users/xipeng/Unity_Project/Game3Depth
Using Asset Import Pipeline V2.
Refreshing native plugins compatible for Editor in 28.62 ms, found 2 plugins.
Preloading 0 native plugins for Editor in 0.00 ms.
Initialize engine version: 2020.3.27f1 (e759542391ea)
[Subsystems] Discovering subsystems at path /Applications/Unity/Hub/Editor/2020.3.27f1/Unity.app/Contents/Resources/UnitySubsystems
[Subsystems] Discovering subsystems at path /Users/xipeng/Unity_Project/Game3Depth/Assets
GfxDevice: creating device client; threaded=0
2022-02-14 14:52:18.332 Unity[66681:3203176] (null) preferred device: Apple M1 Pro (high power)
2022-02-14 14:52:18.332 Unity[66681:3203176] Metal devices available: 1
2022-02-14 14:52:18.332 Unity[66681:3203176] 0: Apple M1 Pro (high power)
2022-02-14 14:52:18.335 Unity[66681:3203176] Using device Apple M1 Pro (high power)
Initializing Metal device caps: Apple M1 Pro
Initialize mono
Mono path[0] = '/Applications/Unity/Hub/Editor/2020.3.27f1/Unity.app/Contents/Managed'
Mono path[1] = '/Applications/Unity/Hub/Editor/2020.3.27f1/Unity.app/Contents/MonoBleedingEdge/lib/mono/unityjit'
Mono config path = '/Applications/Unity/Hub/Editor/2020.3.27f1/Unity.app/Contents/MonoBleedingEdge/etc'
Using monoOptions --debugger-agent=transport=dt_socket,embedding=1,server=y,suspend=n,address=127.0.0.1:56681
Begin MonoManager ReloadAssembly
Registering precompiled unity dll's ...
Register platform support module: /Applications/Unity/Hub/Editor/2020.3.27f1/PlaybackEngines/WebGLSupport/UnityEditor.WebGL.Extensions.dll
Register platform support module: /Applications/Unity/Hub/Editor/2020.3.27f1/Unity.app/Contents/PlaybackEngines/MacStandaloneSupport/UnityEditor.OSXStandalone.Extensions.dll
Register platform support module: /Applications/Unity/Hub/Editor/2020.3.27f1/PlaybackEngines/WindowsStandaloneSupport/UnityEditor.WindowsStandalone.Extensions.dll
Registered in 0.002974 seconds.
Native extension for WindowsStandalone target not found
Native extension for OSXStandalone target not found
Native extension for WebGL target not found
Refreshing native plugins compatible for Editor in 31.03 ms, found 2 plugins.
Preloading 0 native plugins for Editor in 0.00 ms.
Mono: successfully reloaded assembly
- Completed reload, in  1.311 seconds
Domain Reload Profiling:
	ReloadAssembly (1311ms)
		BeginReloadAssembly (104ms)
			ExecutionOrderSort (0ms)
			DisableScriptedObjects (0ms)
			BackupInstance (0ms)
			ReleaseScriptingObjects (0ms)
			CreateAndSetChildDomain (3ms)
		EndReloadAssembly (1076ms)
			LoadAssemblies (103ms)
			RebuildTransferFunctionScriptingTraits (0ms)
			SetupTypeCache (195ms)
			ReleaseScriptCaches (0ms)
			RebuildScriptCaches (43ms)
			SetupLoadedEditorAssemblies (497ms)
				LogAssemblyErrors (0ms)
				InitializePlatformSupportModulesInManaged (15ms)
				SetLoadedEditorAssemblies (0ms)
				RefreshPlugins (31ms)
				BeforeProcessingInitializeOnLoad (29ms)
				ProcessInitializeOnLoadAttributes (311ms)
				ProcessInitializeOnLoadMethodAttributes (109ms)
				AfterProcessingInitializeOnLoad (0ms)
				EditorAssembliesLoaded (1ms)
			ExecutionOrderSort2 (0ms)
			AwakeInstancesAfterBackupRestoration (0ms)
Platform modules already initialized, skipping
Registering precompiled user dll's ...
Registered in 0.003467 seconds.
Begin MonoManager ReloadAssembly
Native extension for WindowsStandalone target not found
Native extension for OSXStandalone target not found
Native extension for WebGL target not found
Refreshing native plugins compatible for Editor in 0.30 ms, found 2 plugins.
Preloading 0 native plugins for Editor in 0.00 ms.
Mono: successfully reloaded assembly
- Completed reload, in  2.076 seconds
Domain Reload Profiling:
	ReloadAssembly (2080ms)
		BeginReloadAssembly (246ms)
			ExecutionOrderSort (0ms)
			DisableScriptedObjects (33ms)
			BackupInstance (0ms)
			ReleaseScriptingObjects (0ms)
			CreateAndSetChildDomain (31ms)
		EndReloadAssembly (1747ms)
			LoadAssemblies (175ms)
			RebuildTransferFunctionScriptingTraits (0ms)
			SetupTypeCache (316ms)
			ReleaseScriptCaches (0ms)
			RebuildScriptCaches (48ms)
			SetupLoadedEditorAssemblies (960ms)
				LogAssemblyErrors (0ms)
				InitializePlatformSupportModulesInManaged (18ms)
				SetLoadedEditorAssemblies (1ms)
				RefreshPlugins (0ms)
				BeforeProcessingInitializeOnLoad (172ms)
				ProcessInitializeOnLoadAttributes (739ms)
				ProcessInitializeOnLoadMethodAttributes (28ms)
				AfterProcessingInitializeOnLoad (1ms)
				EditorAssembliesLoaded (0ms)
			ExecutionOrderSort2 (0ms)
			AwakeInstancesAfterBackupRestoration (30ms)
Platform modules already initialized, skipping
Validating Project structure ... 0.000092 seconds.
Shader import version has changed; will reimport all shaders...
Upgrading shader files ...0.000127 seconds.
Application.AssetDatabase Initial Script Refresh Start
RefreshInfo: InitialScriptRefreshV2(NoUpdateAssetOptions) scanfilter:  ... 1 filters
RefreshProfiler: Total: 0.000ms
Application.AssetDatabase Initial Script Refresh End
Application.AssetDatabase.Refresh Start
Application.AssetDatabase.Refresh End
RefreshInfo: StopAssetImportingV2(ForceSynchronousImport) scanfilter: 
RefreshProfiler: Total: 0.000ms
Launching external process: /Applications/Unity/Hub/Editor/2020.3.27f1/Unity.app/Contents/Tools/UnityShaderCompiler
Launched and connected shader compiler UnityShaderCompiler after 0.03 seconds
Initializing Unity extensions:
2022-02-14 14:52:22.621 Unity[66681:3203176] NSEventModifierFlagFunction specified to -setKeyEquivalentModifierMask: for item <NSMenuItem: 0x6000023c5ea0 Font Asset, ke='Command-F12'>, but is only supported for system-provided menu items; will not be used
2022-02-14 14:52:22.623 Unity[66681:3203176] NSEventModifierFlagFunction specified to -setKeyEquivalentModifierMask: for item <NSMenuItem: 0x6000023b55e0 Font Asset, ke='Command-F12'>, but is only supported for system-provided menu items; will not be used
========================================================================
Worker process is ready to serve import requests
Refreshing native plugins compatible for Editor in 0.22 ms, found 2 plugins.
Preloading 0 native plugins for Editor in 0.00 ms.
Unloading 1504 Unused Serialized files (Serialized files now loaded: 0)
System memory in use before: 179.2 MB.
System memory in use after: 178.4 MB.

Unloading 80 unused Assets to reduce memory usage. Loaded Objects now: 1975.
Total: 2.360000 ms (FindLiveObjects: 0.070958 ms CreateObjectMapping: 0.029292 ms MarkObjects: 1.883208 ms  DeleteObjects: 0.375917 ms)

AssetImportParameters requested are different than current active one (requested -> active):
  custom:video-decoder-ogg-theora: a1e56fd34408186e4bbccfd4996cb3dc -> 
  custom:container-muxer-webm: aa71ff27fc2769a1b78a27578f13a17b -> 
  custom:container-demuxer-webm: 4f35f7cbe854078d1ac9338744f61a02 -> 
  custom:container-demuxer-ogg: 62fdf1f143b41e24485cea50d1cbac27 -> 
  custom:video-encoder-webm-vp8: eb34c28f22e8b96e1ab97ce403110664 -> 
  custom:framework-osx-AVFoundation: e770b220cccbd017edd2c1fefb359320 -> 
  custom:video-decoder-webm-vp8: 9c59270c3fd7afecdb556c50c9e8de78 -> 
  custom:audio-decoder-ogg-vorbis: bf7c407c2cedff20999df2af8eb42d56 -> 
  custom:audio-encoder-webm-vorbis: bf7c407c2cedff20999df2af8eb42d56 -> 
========================================================================
Received Import Request.
  path: Assets/Cube.prefab
  artifactKey: Guid(6bef0207c743d4ad89b655b60953c417) Importer(815301076,1909f56bfc062723c751e8b465ee728b)
Start importing Assets/Cube.prefab using Guid(6bef0207c743d4ad89b655b60953c417) Importer(815301076,1909f56bfc062723c751e8b465ee728b)  -> (artifact id: '166b832a852c27b47b948baebb29daad') in 0.242674 seconds 
  Import took 0.246847 seconds .

========================================================================
Received Import Request.
  Time since last request: 926.140008 seconds.
  path: Assets/PathMaterial.mat
  artifactKey: Guid(7bd6d5950fb5741cc87e2844f0e945dd) Importer(815301076,1909f56bfc062723c751e8b465ee728b)
Start importing Assets/PathMaterial.mat using Guid(7bd6d5950fb5741cc87e2844f0e945dd) Importer(815301076,1909f56bfc062723c751e8b465ee728b)  -> (artifact id: '374a402e6223bb852b246ceb9294c970') in 0.114051 seconds 
  Import took 0.118154 seconds .

========================================================================
Received Import Request.
  Time since last request: 8.013671 seconds.
  path: Assets/PathMaterial.mat
  artifactKey: Guid(7bd6d5950fb5741cc87e2844f0e945dd) Importer(815301076,1909f56bfc062723c751e8b465ee728b)
Start importing Assets/PathMaterial.mat using Guid(7bd6d5950fb5741cc87e2844f0e945dd) Importer(815301076,1909f56bfc062723c751e8b465ee728b)  -> (artifact id: '0b82595983eba2c908fba512e22cdc55') in 0.010877 seconds 
  Import took 0.013072 seconds .

========================================================================
Received Import Request.
  Time since last request: 45.785275 seconds.
  path: Assets
  artifactKey: Guid(00000000000000001000000000000000) Importer(815301076,1909f56bfc062723c751e8b465ee728b)
Start importing Assets using Guid(00000000000000001000000000000000) Importer(815301076,1909f56bfc062723c751e8b465ee728b)  -> (artifact id: '42d402b061de3733987d63b9cc3b64de') in 0.000738 seconds 
  Import took 0.002563 seconds .

========================================================================
Received Import Request.
  Time since last request: 106.975558 seconds.
  path: Assets/TurretGround.mat
  artifactKey: Guid(15f2525b49fba4c6e9faf7fe94825389) Importer(815301076,1909f56bfc062723c751e8b465ee728b)
Start importing Assets/TurretGround.mat using Guid(15f2525b49fba4c6e9faf7fe94825389) Importer(815301076,1909f56bfc062723c751e8b465ee728b)  -> (artifact id: 'd6534292a82fee4bb36a1ea9cd2975b9') in 0.009179 seconds 
  Import took 0.011506 seconds .

========================================================================
Received Import Request.
  Time since last request: 26.361111 seconds.
  path: Assets/Cube.prefab
  artifactKey: Guid(6bef0207c743d4ad89b655b60953c417) Importer(815301076,1909f56bfc062723c751e8b465ee728b)
Start importing Assets/Cube.prefab using Guid(6bef0207c743d4ad89b655b60953c417) Importer(815301076,1909f56bfc062723c751e8b465ee728b)  -> (artifact id: '0d48d8c37576a6aee519847115ec4d93') in 0.010985 seconds 
  Import took 0.013303 seconds .

========================================================================
Received Import Request.
  Time since last request: 283.173348 seconds.
  path: Assets/PathMaterial.mat
  artifactKey: Guid(7bd6d5950fb5741cc87e2844f0e945dd) Importer(815301076,1909f56bfc062723c751e8b465ee728b)
Start importing Assets/PathMaterial.mat using Guid(7bd6d5950fb5741cc87e2844f0e945dd) Importer(815301076,1909f56bfc062723c751e8b465ee728b)  -> (artifact id: '14763c43163b78e4fe51051059ceaf4f') in 0.008751 seconds 
  Import took 0.010764 seconds .

========================================================================
Received Import Request.
  Time since last request: 0.000242 seconds.
  path: Assets/TurretGround.mat
  artifactKey: Guid(15f2525b49fba4c6e9faf7fe94825389) Importer(815301076,1909f56bfc062723c751e8b465ee728b)
Start importing Assets/TurretGround.mat using Guid(15f2525b49fba4c6e9faf7fe94825389) Importer(815301076,1909f56bfc062723c751e8b465ee728b)  -> (artifact id: '509d1405d6d220011b2fb92ee3a63a60') in 0.007783 seconds 
  Import took 0.009470 seconds .

========================================================================
Received Import Request.
  Time since last request: 34.268874 seconds.
  path: Assets/StaretMaterial.mat
  artifactKey: Guid(774f04e2237f1495e8a73a56fdd199cb) Importer(815301076,1909f56bfc062723c751e8b465ee728b)
Start importing Assets/StaretMaterial.mat using Guid(774f04e2237f1495e8a73a56fdd199cb) Importer(815301076,1909f56bfc062723c751e8b465ee728b)  -> (artifact id: '5297eb64734ca62e8bbeeaf2e7b064e8') in 0.009926 seconds 
  Import took 0.012441 seconds .

========================================================================
Received Import Request.
  Time since last request: 8.443041 seconds.
  path: Assets/StartMaterial.mat
  artifactKey: Guid(774f04e2237f1495e8a73a56fdd199cb) Importer(815301076,1909f56bfc062723c751e8b465ee728b)
Start importing Assets/StartMaterial.mat using Guid(774f04e2237f1495e8a73a56fdd199cb) Importer(815301076,1909f56bfc062723c751e8b465ee728b)  -> (artifact id: 'db5498177e78abc56f89d1d323e95b22') in 0.010096 seconds 
  Import took 0.013042 seconds .

========================================================================
Received Import Request.
  Time since last request: 65.361167 seconds.
  path: Assets/Materials
  artifactKey: Guid(cdd0c2bd85eb747c7b0b1befd8deff72) Importer(815301076,1909f56bfc062723c751e8b465ee728b)
Start importing Assets/Materials using Guid(cdd0c2bd85eb747c7b0b1befd8deff72) Importer(815301076,1909f56bfc062723c751e8b465ee728b)  -> (artifact id: '7366fbff62e2bfb238c34f9c5aafd26d') in 0.001075 seconds 
  Import took 0.003244 seconds .

========================================================================
Received Import Request.
  Time since last request: 20.493249 seconds.
  path: Assets/Materials/EndMaterials.mat
  artifactKey: Guid(554af5b038263433684d0dbfa7434e76) Importer(815301076,1909f56bfc062723c751e8b465ee728b)
Start importing Assets/Materials/EndMaterials.mat using Guid(554af5b038263433684d0dbfa7434e76) Importer(815301076,1909f56bfc062723c751e8b465ee728b)  -> (artifact id: 'b2f2718caff7dfca76d1e1a6e8d1bfbe') in 0.009577 seconds 
  Import took 0.012015 seconds .

========================================================================
Received Import Request.
  Time since last request: 137.613567 seconds.
  path: Assets/Materials/StartMaterial.mat
  artifactKey: Guid(774f04e2237f1495e8a73a56fdd199cb) Importer(815301076,1909f56bfc062723c751e8b465ee728b)
Start importing Assets/Materials/StartMaterial.mat using Guid(774f04e2237f1495e8a73a56fdd199cb) Importer(815301076,1909f56bfc062723c751e8b465ee728b)  -> (artifact id: '161eb578e2671d16619d89cd3be1d68c') in 0.009957 seconds 
  Import took 0.012209 seconds .

========================================================================
Received Import Request.
  Time since last request: 559.469160 seconds.
  path: Assets/Enemy.prefab
  artifactKey: Guid(47954f7ae49db46b0b19bbe789cf9488) Importer(815301076,1909f56bfc062723c751e8b465ee728b)
Start importing Assets/Enemy.prefab using Guid(47954f7ae49db46b0b19bbe789cf9488) Importer(815301076,1909f56bfc062723c751e8b465ee728b)  -> (artifact id: '0623768b608a18109cd8953c757c0eeb') in 0.009736 seconds 
  Import took 0.011872 seconds .

========================================================================
Received Import Request.
  Time since last request: 257.385590 seconds.
  path: Assets/Waypoint.prefab
  artifactKey: Guid(303ae52aeed9a490dbaafcfe0cca438a) Importer(815301076,1909f56bfc062723c751e8b465ee728b)
Start importing Assets/Waypoint.prefab using Guid(303ae52aeed9a490dbaafcfe0cca438a) Importer(815301076,1909f56bfc062723c751e8b465ee728b)  -> (artifact id: '88d17403c7ad0d1467c4963af720ebf1') in 0.004271 seconds 
  Import took 0.006388 seconds .

========================================================================
Received Import Request.
  Time since last request: 58.356083 seconds.
  path: Assets/Prefabs
  artifactKey: Guid(6c2ead5179f0c4d68a7effc72113614b) Importer(815301076,1909f56bfc062723c751e8b465ee728b)
Start importing Assets/Prefabs using Guid(6c2ead5179f0c4d68a7effc72113614b) Importer(815301076,1909f56bfc062723c751e8b465ee728b)  -> (artifact id: '46b9cb5540e15b7cb3b8693ddbb46672') in 0.001027 seconds 
  Import took 0.002876 seconds .

========================================================================
Received Prepare
Registering precompiled user dll's ...
Registered in 0.002150 seconds.
Begin MonoManager ReloadAssembly
Native extension for WindowsStandalone target not found
Native extension for OSXStandalone target not found
Native extension for WebGL target not found
Refreshing native plugins compatible for Editor in 0.34 ms, found 2 plugins.
Preloading 0 native plugins for Editor in 0.00 ms.
2022-02-14 15:38:23.093 Unity[66681:3203176] NSEventModifierFlagFunction specified to -setKeyEquivalentModifierMask: for item <NSMenuItem: 0x6000023d1420 Font Asset, ke='Command-F12'>, but is only supported for system-provided menu items; will not be used
Mono: successfully reloaded assembly
- Completed reload, in  2.265 seconds
Domain Reload Profiling:
	ReloadAssembly (2266ms)
		BeginReloadAssembly (189ms)
			ExecutionOrderSort (0ms)
			DisableScriptedObjects (29ms)
			BackupInstance (0ms)
			ReleaseScriptingObjects (0ms)
			CreateAndSetChildDomain (62ms)
		EndReloadAssembly (1983ms)
			LoadAssemblies (187ms)
			RebuildTransferFunctionScriptingTraits (0ms)
			SetupTypeCache (364ms)
			ReleaseScriptCaches (1ms)
			RebuildScriptCaches (51ms)
			SetupLoadedEditorAssemblies (1054ms)
				LogAssemblyErrors (0ms)
				InitializePlatformSupportModulesInManaged (20ms)
				SetLoadedEditorAssemblies (2ms)
				RefreshPlugins (0ms)
				BeforeProcessingInitializeOnLoad (234ms)
				ProcessInitializeOnLoadAttributes (772ms)
				ProcessInitializeOnLoadMethodAttributes (25ms)
				AfterProcessingInitializeOnLoad (1ms)
				EditorAssembliesLoaded (0ms)
			ExecutionOrderSort2 (0ms)
			AwakeInstancesAfterBackupRestoration (58ms)
Platform modules already initialized, skipping
Refreshing native plugins compatible for Editor in 0.24 ms, found 2 plugins.
Preloading 0 native plugins for Editor in 0.00 ms.
Unloading 1498 Unused Serialized files (Serialized files now loaded: 0)
System memory in use before: 186.6 MB.
System memory in use after: 186.7 MB.

Unloading 16 unused Assets to reduce memory usage. Loaded Objects now: 2020.
Total: 1.964375 ms (FindLiveObjects: 0.077541 ms CreateObjectMapping: 0.028875 ms MarkObjects: 1.833625 ms  DeleteObjects: 0.023458 ms)

AssetImportParameters requested are different than current active one (requested -> active):
  custom:video-decoder-ogg-theora: a1e56fd34408186e4bbccfd4996cb3dc -> 
  custom:container-muxer-webm: aa71ff27fc2769a1b78a27578f13a17b -> 
  custom:container-demuxer-webm: 4f35f7cbe854078d1ac9338744f61a02 -> 
  custom:container-demuxer-ogg: 62fdf1f143b41e24485cea50d1cbac27 -> 
  custom:video-encoder-webm-vp8: eb34c28f22e8b96e1ab97ce403110664 -> 
  custom:framework-osx-AVFoundation: e770b220cccbd017edd2c1fefb359320 -> 
  custom:video-decoder-webm-vp8: 9c59270c3fd7afecdb556c50c9e8de78 -> 
  custom:audio-decoder-ogg-vorbis: bf7c407c2cedff20999df2af8eb42d56 -> 
  custom:audio-encoder-webm-vorbis: bf7c407c2cedff20999df2af8eb42d56 -> 
========================================================================
Received Import Request.
  Time since last request: 230.258004 seconds.
  path: Assets/Waypoints.cs
  artifactKey: Guid(3f7919dd667de4c76bd8c67f0cbdb3f3) Importer(815301076,1909f56bfc062723c751e8b465ee728b)
Start importing Assets/Waypoints.cs using Guid(3f7919dd667de4c76bd8c67f0cbdb3f3) Importer(815301076,1909f56bfc062723c751e8b465ee728b)  -> (artifact id: '55e0734c3ec656d3ab0a9e4cf9d5d222') in 0.093941 seconds 
  Import took 0.099003 seconds .

